Base path: 'C:/Program Files/Unity/Hub/Editor/2019.4.38f1/Editor/Data', plugins path 'C:/Program Files/Unity/Hub/Editor/2019.4.38f1/Editor/Data/PlaybackEngines'
Cmd: initializeCompiler
Cmd: preprocess
  insize=771 outsize=196 ok=1
Cmd: preprocess
  insize=771 outsize=196 ok=1
Cmd: preprocess
  insize=771 outsize=196 ok=1
Cmd: preprocess
  insize=771 outsize=196 ok=1
Cmd: preprocess
  insize=771 outsize=196 ok=1
Cmd: preprocess
  insize=771 outsize=196 ok=1
Cmd: preprocess
  insize=771 outsize=196 ok=1
Cmd: preprocess
  insize=771 outsize=196 ok=1
Cmd: preprocess
  insize=771 outsize=196 ok=1
Cmd: preprocess
  insize=771 outsize=196 ok=1
Cmd: preprocess
  insize=771 outsize=196 ok=1
Cmd: preprocess
  insize=771 outsize=196 ok=1
Cmd: preprocess
  insize=771 outsize=196 ok=1
Cmd: preprocess
  insize=6924 outsize=330 ok=1
Cmd: preprocess
  insize=3660 outsize=331 ok=1
Cmd: preprocess
  insize=5961 outsize=333 ok=1
Cmd: preprocess
  insize=3295 outsize=324 ok=1
Cmd: preprocess
  insize=3058 outsize=329 ok=1
Cmd: preprocess
  insize=4168 outsize=329 ok=1
Cmd: preprocess
  insize=3660 outsize=331 ok=1
Cmd: preprocess
  insize=3032 outsize=327 ok=1
Cmd: preprocess
  insize=36243 outsize=1325 ok=1
Cmd: preprocess
  insize=771 outsize=196 ok=1
Cmd: preprocess
  insize=771 outsize=196 ok=1
Cmd: preprocess
  insize=771 outsize=196 ok=1
Cmd: preprocess
  insize=771 outsize=196 ok=1
Cmd: preprocess
  insize=771 outsize=196 ok=1
Cmd: preprocess
  insize=771 outsize=196 ok=1
Cmd: preprocess
  insize=771 outsize=196 ok=1
Cmd: preprocess
  insize=771 outsize=196 ok=1
Cmd: preprocess
  insize=771 outsize=196 ok=1
Cmd: preprocess
  insize=771 outsize=196 ok=1
Cmd: preprocess
  insize=771 outsize=196 ok=1
Cmd: preprocess
  insize=771 outsize=196 ok=1
Cmd: preprocess
  insize=771 outsize=196 ok=1
Cmd: preprocess
  insize=51957 outsize=2070 ok=1
Cmd: preprocess
  insize=3040 outsize=335 ok=1
Cmd: preprocess
  insize=3668 outsize=339 ok=1
Cmd: preprocess
  insize=3668 outsize=339 ok=1
Cmd: preprocess
  insize=4176 outsize=336 ok=1
Cmd: preprocess
  insize=3066 outsize=337 ok=1
Cmd: preprocess
  insize=3303 outsize=331 ok=1
Cmd: preprocess
  insize=5969 outsize=341 ok=1
Cmd: preprocess
  insize=6932 outsize=338 ok=1
Cmd: preprocess
  insize=771 outsize=196 ok=1
Cmd: preprocess
  insize=771 outsize=196 ok=1
Cmd: preprocess
  insize=771 outsize=196 ok=1
Cmd: preprocess
  insize=771 outsize=196 ok=1
Cmd: preprocess
  insize=771 outsize=196 ok=1
Cmd: preprocess
  insize=771 outsize=196 ok=1
Cmd: preprocess
  insize=25243 outsize=1420 ok=1
Cmd: preprocess
  insize=3668 outsize=431 ok=1
Cmd: preprocess
  insize=4041 outsize=420 ok=1
Cmd: shutdown
